<?xml version="1.0" encoding="UTF-8"?>
<!-- Generated by org.testng.reporters.JUnitReportReporter -->
<testsuite skipped="0" hostname="Архор-ПК" name="test.by.epam.task4.service.SchemaReaderTest" tests="1" failures="0" timestamp="30 авг 2018 08:33:31 GMT" time="0.027" errors="0">
  <testcase name="getSchemaTest" time="0.027" classname="test.by.epam.task4.service.SchemaReaderTest"/>
</testsuite> <!-- test.by.epam.task4.service.SchemaReaderTest -->
