<?xml version="1.0" encoding="UTF-8"?>
<!-- Generated by org.testng.reporters.JUnitReportReporter -->
<testsuite skipped="0" hostname="Архор-ПК" name="test.by.epam.task4.service.validation.SchemaReaderTest" tests="1" failures="0" timestamp="06 сен 2018 19:23:52 GMT" time="0.048" errors="0">
  <testcase name="getSchemaTest" time="0.048" classname="test.by.epam.task4.service.validation.SchemaReaderTest"/>
</testsuite> <!-- test.by.epam.task4.service.validation.SchemaReaderTest -->
