<?xml version="1.0" encoding="UTF-8"?>
<!-- Generated by org.testng.reporters.JUnitReportReporter -->
<testsuite skipped="0" hostname="Архор-ПК" name="test.by.epam.task4.service.validation.XMLValidatorTest" tests="1" failures="0" timestamp="06 сен 2018 19:24:14 GMT" time="0.242" errors="0">
  <testcase name="validateNegativeTest" time="0.242" classname="test.by.epam.task4.service.validation.XMLValidatorTest"/>
</testsuite> <!-- test.by.epam.task4.service.validation.XMLValidatorTest -->
