<?xml version="1.0" encoding="UTF-8"?>
<!-- Generated by org.testng.reporters.JUnitReportReporter -->
<testsuite skipped="0" hostname="Архор-ПК" name="test.by.epam.task4.service.XMLValidatorTest" tests="2" failures="0" timestamp="30 авг 2018 08:33:21 GMT" time="0.261" errors="0">
  <testcase name="validatePositiveTest" time="0.010" classname="test.by.epam.task4.service.XMLValidatorTest"/>
  <testcase name="validateNegativeTest" time="0.251" classname="test.by.epam.task4.service.XMLValidatorTest"/>
</testsuite> <!-- test.by.epam.task4.service.XMLValidatorTest -->
