<?xml version="1.0" encoding="UTF-8"?>
<!-- Generated by org.testng.reporters.JUnitReportReporter -->
<testsuite skipped="0" hostname="Архор-ПК" name="test.by.epam.task4.service.factory.MedicinsBuilderFactoryTest" tests="1" failures="0" timestamp="06 сен 2018 19:25:14 GMT" time="0.003" errors="0">
  <testcase name="getBuilderExceptionTest" time="0.003" classname="test.by.epam.task4.service.factory.MedicinsBuilderFactoryTest"/>
</testsuite> <!-- test.by.epam.task4.service.factory.MedicinsBuilderFactoryTest -->
