<?xml version="1.0" encoding="UTF-8"?>
<!-- Generated by org.testng.reporters.JUnitReportReporter -->
<testsuite skipped="0" hostname="Архор-ПК" name="test.by.epam.task4.service.ValidatorXMLTest" tests="1" failures="0" timestamp="29 авг 2018 10:06:51 GMT" time="0.354" errors="0">
  <testcase name="validationTest" time="0.354" classname="test.by.epam.task4.service.ValidatorXMLTest"/>
</testsuite> <!-- test.by.epam.task4.service.ValidatorXMLTest -->
