<?xml version="1.0" encoding="UTF-8"?>
<!-- Generated by org.testng.reporters.JUnitReportReporter -->
<testsuite skipped="0" hostname="Архор-ПК" name="test.by.epam.task4.service.parsing.MedicinsAbstractBuilderTest" tests="3" failures="0" timestamp="06 сен 2018 19:25:36 GMT" time="0.260" errors="0">
  <testcase name="buildSetMedicinsNegativeTest" time="0.010" classname="test.by.epam.task4.service.parsing.MedicinsAbstractBuilderTest"/>
  <testcase name="buildSetMedicinsNegativeTest" time="0.241" classname="test.by.epam.task4.service.parsing.MedicinsAbstractBuilderTest"/>
  <testcase name="buildSetMedicinsNegativeTest" time="0.009" classname="test.by.epam.task4.service.parsing.MedicinsAbstractBuilderTest"/>
</testsuite> <!-- test.by.epam.task4.service.parsing.MedicinsAbstractBuilderTest -->
