<?xml version="1.0" encoding="UTF-8"?>
<!-- Generated by org.testng.reporters.JUnitReportReporter -->
<testsuite skipped="0" hostname="Архор-ПК" name="test.by.epam.task4.service.factory.MedicineFactoryTest" tests="18" failures="0" timestamp="06 сен 2018 19:24:38 GMT" time="0.068" errors="0">
  <testcase name="getMedicineExceptionTest" time="0.000" classname="test.by.epam.task4.service.factory.MedicineFactoryTest"/>
  <testcase name="getMedicineExceptionTest" time="0.001" classname="test.by.epam.task4.service.factory.MedicineFactoryTest"/>
  <testcase name="getMedicineExceptionTest" time="0.001" classname="test.by.epam.task4.service.factory.MedicineFactoryTest"/>
  <testcase name="getMedicineExceptionTest" time="0.001" classname="test.by.epam.task4.service.factory.MedicineFactoryTest"/>
  <testcase name="getMedicineExceptionTest" time="0.018" classname="test.by.epam.task4.service.factory.MedicineFactoryTest"/>
  <testcase name="getMedicineTest" time="0.002" classname="test.by.epam.task4.service.factory.MedicineFactoryTest"/>
  <testcase name="getMedicineExceptionTest" time="0.001" classname="test.by.epam.task4.service.factory.MedicineFactoryTest"/>
  <testcase name="getMedicineExceptionTest" time="0.001" classname="test.by.epam.task4.service.factory.MedicineFactoryTest"/>
  <testcase name="getMedicineExceptionTest" time="0.001" classname="test.by.epam.task4.service.factory.MedicineFactoryTest"/>
  <testcase name="getMedicineExceptionTest" time="0.000" classname="test.by.epam.task4.service.factory.MedicineFactoryTest"/>
  <testcase name="getMedicineExceptionTest" time="0.034" classname="test.by.epam.task4.service.factory.MedicineFactoryTest"/>
  <testcase name="getMedicineExceptionTest" time="0.001" classname="test.by.epam.task4.service.factory.MedicineFactoryTest"/>
  <testcase name="getMedicineExceptionTest" time="0.001" classname="test.by.epam.task4.service.factory.MedicineFactoryTest"/>
  <testcase name="getMedicineExceptionTest" time="0.000" classname="test.by.epam.task4.service.factory.MedicineFactoryTest"/>
  <testcase name="getMedicineExceptionTest" time="0.004" classname="test.by.epam.task4.service.factory.MedicineFactoryTest"/>
  <testcase name="getMedicineExceptionTest" time="0.001" classname="test.by.epam.task4.service.factory.MedicineFactoryTest"/>
  <testcase name="getMedicineTest" time="0.000" classname="test.by.epam.task4.service.factory.MedicineFactoryTest"/>
  <testcase name="getMedicineTest" time="0.001" classname="test.by.epam.task4.service.factory.MedicineFactoryTest"/>
</testsuite> <!-- test.by.epam.task4.service.factory.MedicineFactoryTest -->
